<?xml version="1.0" encoding="UTF-8"?>
<testng-results ignored="0" total="1" passed="0" failed="1" skipped="0">
  <reporter-output>
    <line>
      <![CDATA[---DataBase connection established---]]>
    </line>
    <line>
      <![CDATA[Browser got launched]]>
    </line>
    <line>
      <![CDATA[Logged in Successfully]]>
    </line>
    <line>
      <![CDATA[Logged Out Successfully]]>
    </line>
    <line>
      <![CDATA[Browser was closed Successfully]]>
    </line>
    <line>
      <![CDATA[--DataBase Disconnected Successfully--]]>
    </line>
  </reporter-output>
  <suite started-at="2025-04-04T11:26:48 IST" name="Default suite" finished-at="2025-04-04T11:27:11 IST" duration-ms="22610">
    <groups>
      <group name="Smoke">
        <method signature="ToCreateContactTest.toCreateContacts_001()[pri:0, instance:contactTests.ToCreateContactTest@121314f7]" name="toCreateContacts_001" class="contactTests.ToCreateContactTest"/>
      </group> <!-- Smoke -->
    </groups>
    <test started-at="2025-04-04T11:26:48 IST" name="Default test" finished-at="2025-04-04T11:27:11 IST" duration-ms="22610">
      <class name="contactTests.ToCreateContactTest">
        <test-method is-config="true" signature="beforeSuiteConfiguration()[pri:0, instance:contactTests.ToCreateContactTest@121314f7]" started-at="2025-04-04T11:26:48 IST" name="beforeSuiteConfiguration" finished-at="2025-04-04T11:26:48 IST" duration-ms="14" status="PASS">
          <reporter-output>
            <line>
              <![CDATA[---DataBase connection established---]]>
            </line>
          </reporter-output>
        </test-method> <!-- beforeSuiteConfiguration -->
        <test-method is-config="true" signature="beforeClassConfiguration()[pri:0, instance:contactTests.ToCreateContactTest@121314f7]" started-at="2025-04-04T11:26:49 IST" name="beforeClassConfiguration" finished-at="2025-04-04T11:26:52 IST" duration-ms="3022" status="PASS">
          <reporter-output>
            <line>
              <![CDATA[Browser got launched]]>
            </line>
          </reporter-output>
        </test-method> <!-- beforeClassConfiguration -->
        <test-method is-config="true" signature="beforeMethodConfiguration()[pri:0, instance:contactTests.ToCreateContactTest@121314f7]" started-at="2025-04-04T11:26:52 IST" name="beforeMethodConfiguration" finished-at="2025-04-04T11:26:56 IST" duration-ms="4109" status="PASS">
          <reporter-output>
            <line>
              <![CDATA[Logged in Successfully]]>
            </line>
          </reporter-output>
        </test-method> <!-- beforeMethodConfiguration -->
        <test-method signature="toCreateContacts_001()[pri:0, instance:contactTests.ToCreateContactTest@121314f7]" started-at="2025-04-04T11:26:56 IST" name="toCreateContacts_001" finished-at="2025-04-04T11:27:09 IST" duration-ms="13078" status="FAIL">
          <exception class="java.lang.AssertionError">
            <message>
              <![CDATA[null]]>
            </message>
            <full-stacktrace>
              <![CDATA[java.lang.AssertionError: null
at org.testng.Assert.fail(Assert.java:99)
at org.testng.Assert.fail(Assert.java:106)
at contactTests.ToCreateContactTest.toCreateContacts_001(ToCreateContactTest.java:36)
at java.base/jdk.internal.reflect.NativeMethodAccessorImpl.invoke0(Native Method)
at java.base/jdk.internal.reflect.NativeMethodAccessorImpl.invoke(NativeMethodAccessorImpl.java:77)
at java.base/jdk.internal.reflect.DelegatingMethodAccessorImpl.invoke(DelegatingMethodAccessorImpl.java:43)
at java.base/java.lang.reflect.Method.invoke(Method.java:568)
at org.testng.internal.MethodInvocationHelper.invokeMethod(MethodInvocationHelper.java:133)
at org.testng.internal.TestInvoker.invokeMethod(TestInvoker.java:598)
at org.testng.internal.TestInvoker.invokeTestMethod(TestInvoker.java:173)
at org.testng.internal.MethodRunner.runInSequence(MethodRunner.java:46)
at org.testng.internal.TestInvoker$MethodInvocationAgent.invoke(TestInvoker.java:824)
at org.testng.internal.TestInvoker.invokeTestMethods(TestInvoker.java:146)
at org.testng.internal.TestMethodWorker.invokeTestMethods(TestMethodWorker.java:146)
at org.testng.internal.TestMethodWorker.run(TestMethodWorker.java:128)
at java.base/java.util.ArrayList.forEach(ArrayList.java:1511)
at org.testng.TestRunner.privateRun(TestRunner.java:794)
at org.testng.TestRunner.run(TestRunner.java:596)
at org.testng.SuiteRunner.runTest(SuiteRunner.java:377)
at org.testng.SuiteRunner.runSequentially(SuiteRunner.java:371)
at org.testng.SuiteRunner.privateRun(SuiteRunner.java:332)
at org.testng.SuiteRunner.run(SuiteRunner.java:276)
at org.testng.SuiteRunnerWorker.runSuite(SuiteRunnerWorker.java:53)
at org.testng.SuiteRunnerWorker.run(SuiteRunnerWorker.java:96)
at org.testng.TestNG.runSuitesSequentially(TestNG.java:1212)
at org.testng.TestNG.runSuitesLocally(TestNG.java:1134)
at org.testng.TestNG.runSuites(TestNG.java:1063)
at org.testng.TestNG.run(TestNG.java:1031)
at org.testng.remote.AbstractRemoteTestNG.run(AbstractRemoteTestNG.java:115)
at org.testng.remote.RemoteTestNG.initAndRun(RemoteTestNG.java:293)
at org.testng.remote.RemoteTestNG.main(RemoteTestNG.java:91)
]]>
            </full-stacktrace>
          </exception> <!-- java.lang.AssertionError -->
          <reporter-output>
          </reporter-output>
        </test-method> <!-- toCreateContacts_001 -->
        <test-method is-config="true" signature="afterMethodConfiguration()[pri:0, instance:contactTests.ToCreateContactTest@121314f7]" started-at="2025-04-04T11:27:09 IST" name="afterMethodConfiguration" finished-at="2025-04-04T11:27:11 IST" duration-ms="1586" status="PASS">
          <reporter-output>
            <line>
              <![CDATA[Logged Out Successfully]]>
            </line>
          </reporter-output>
        </test-method> <!-- afterMethodConfiguration -->
        <test-method is-config="true" signature="afterClassConfiguration()[pri:0, instance:contactTests.ToCreateContactTest@121314f7]" started-at="2025-04-04T11:27:11 IST" name="afterClassConfiguration" finished-at="2025-04-04T11:27:11 IST" duration-ms="326" status="PASS">
          <reporter-output>
            <line>
              <![CDATA[Browser was closed Successfully]]>
            </line>
          </reporter-output>
        </test-method> <!-- afterClassConfiguration -->
        <test-method is-config="true" signature="afterSuitConfiguration()[pri:0, instance:contactTests.ToCreateContactTest@121314f7]" started-at="2025-04-04T11:27:12 IST" name="afterSuitConfiguration" finished-at="2025-04-04T11:27:12 IST" duration-ms="2" status="PASS">
          <reporter-output>
            <line>
              <![CDATA[--DataBase Disconnected Successfully--]]>
            </line>
          </reporter-output>
        </test-method> <!-- afterSuitConfiguration -->
      </class> <!-- contactTests.ToCreateContactTest -->
    </test> <!-- Default test -->
  </suite> <!-- Default suite -->
</testng-results>
